sifaka/classifiers/engine.py:239: error: Unexpected keyword argument "operation_name" for "safely_execute_component_operation"; did you mean "operation"?  [call-arg]
sifaka/retrieval/managers/query.py:116: error: Signature of "config" incompatible with supertype "BaseComponent"  [override]
sifaka/retrieval/managers/query.py:116: note:      Superclass:
sifaka/retrieval/managers/query.py:116: note:          BaseConfig
sifaka/retrieval/managers/query.py:116: note:      Subclass:
sifaka/retrieval/managers/query.py:116: note:          QueryProcessingConfig
sifaka/retrieval/managers/query.py:124: error: Returning Any from function declared to return "QueryProcessingConfig"  [no-any-return]
sifaka/retrieval/managers/query.py:152: error: Returning Any from function declared to return "Set[str]"  [no-any-return]
sifaka/retrieval/managers/query.py:274: error: Returning Any from function declared to return "str"  [no-any-return]
sifaka/retrieval/managers/query.py:368: error: Returning Any from function declared to return "str"  [no-any-return]
sifaka/retrieval/managers/query.py:459: error: Signature of "process" incompatible with supertype "QueryProcessor"  [override]
sifaka/retrieval/managers/query.py:459: note:      Superclass:
sifaka/retrieval/managers/query.py:459: note:          def process(self, query: Any, **kwargs: Any) -> Any
sifaka/retrieval/managers/query.py:459: note:      Subclass:
sifaka/retrieval/managers/query.py:459: note:          def process(self, input: str) -> str
sifaka/critics/implementations/prompt.py:119: note: "PromptCritic" defined here
sifaka/critics/implementations/prompt.py:125: error: Missing positional argument "description" in call to "__init__" of "BaseComponent"  [call-arg]
sifaka/critics/implementations/prompt.py:125: error: Argument 1 to "__init__" of "BaseComponent" has incompatible type "Optional[Dict[str, Any]]"; expected "str"  [arg-type]
sifaka/critics/implementations/prompt.py:131: error: Name "StateManager" is not defined  [name-defined]
sifaka/critics/implementations/prompt.py:132: error: "StateManager" has no attribute "set"  [attr-defined]
sifaka/critics/implementations/prompt.py:135: error: "StateManager" has no attribute "set"  [attr-defined]
sifaka/critics/implementations/prompt.py:138: error: Name "DEFAULT_SYSTEM_PROMPT" is not defined  [name-defined]
sifaka/critics/implementations/prompt.py:201: error: Returning Any from function declared to return "bool"  [no-any-return]
sifaka/critics/implementations/prompt.py:210: error: Return type "Dict[Any, Any]" of "critique" incompatible with return type "CritiqueResult" in supertype "TextCritic"  [override]
sifaka/critics/implementations/prompt.py:260: error: Returning Any from function declared to return "Dict[Any, Any]"  [no-any-return]
sifaka/critics/implementations/prompt.py:306: error: Item "str" of "Union[Any, str]" has no attribute "improve"  [union-attr]
sifaka/critics/implementations/prompt.py:332: error: Unsupported operand types for - ("float" and "str")  [operator]
sifaka/critics/implementations/prompt.py:332: note: Right operand is of type "Union[float, str]"
sifaka/critics/implementations/prompt.py:379: error: Invalid index type "str" for "str"; expected type "Union[SupportsIndex, slice[Any, Any, Any]]"  [index]
sifaka/critics/implementations/prompt.py:391: error: Unsupported operand types for - ("float" and "str")  [operator]
sifaka/critics/implementations/prompt.py:391: note: Right operand is of type "Union[float, str]"
sifaka/critics/implementations/prompt.py:400: error: Unsupported operand types for - ("float" and "str")  [operator]
sifaka/critics/implementations/prompt.py:400: note: Right operand is of type "Union[float, str]"
sifaka/critics/implementations/prompt.py:563: error: "DependencyProvider" has no attribute "get_by_type"  [attr-defined]
sifaka/critics/implementations/prompt.py:644: error: Argument 1 to "PromptCriticConfig" has incompatible type "**Dict[str, object]"; expected "str"  [arg-type]
sifaka/critics/implementations/prompt.py:644: error: Argument 1 to "PromptCriticConfig" has incompatible type "**Dict[str, object]"; expected "Dict[str, Any]"  [arg-type]
sifaka/critics/implementations/prompt.py:644: note: "Dict" is invariant -- see https://mypy.readthedocs.io/en/stable/common_issues.html#variance
sifaka/critics/implementations/prompt.py:644: note: Consider using "Mapping" instead, which is covariant in the value type
sifaka/critics/implementations/prompt.py:644: error: Argument 1 to "PromptCriticConfig" has incompatible type "**Dict[str, object]"; expected "float"  [arg-type]
sifaka/critics/implementations/prompt.py:644: error: Argument 1 to "PromptCriticConfig" has incompatible type "**Dict[str, object]"; expected "int"  [arg-type]
sifaka/critics/implementations/prompt.py:644: error: Argument 1 to "PromptCriticConfig" has incompatible type "**Dict[str, object]"; expected "Optional[float]"  [arg-type]
sifaka/critics/implementations/prompt.py:644: error: Argument 1 to "PromptCriticConfig" has incompatible type "**Dict[str, object]"; expected "bool"  [arg-type]
sifaka/critics/implementations/prompt.py:647: error: Cannot instantiate abstract class "PromptCritic" with abstract attribute "process"  [abstract]
sifaka/critics/implementations/prompt.py:647: error: Unexpected keyword argument "name" for "PromptCritic"  [call-arg]
sifaka/critics/implementations/prompt.py:647: error: Unexpected keyword argument "description" for "PromptCritic"  [call-arg]
sifaka/critics/implementations/prompt.py:647: error: Unexpected keyword argument "llm_provider" for "PromptCritic"  [call-arg]
sifaka/critics/implementations/prompt.py:647: error: Unexpected keyword argument "prompt_factory" for "PromptCritic"  [call-arg]
sifaka/critics/implementations/prompt.py:652: error: Argument "config" to "PromptCritic" has incompatible type "PromptCriticConfig"; expected "Optional[Dict[str, Any]]"  [arg-type]
sifaka/critics/implementations/lac.py:131: note: "FeedbackCritic" defined here
sifaka/critics/implementations/lac.py:137: error: Missing positional argument "description" in call to "__init__" of "BaseComponent"  [call-arg]
sifaka/critics/implementations/lac.py:137: error: Argument 1 to "__init__" of "BaseComponent" has incompatible type "Optional[Dict[str, Any]]"; expected "str"  [arg-type]
sifaka/critics/implementations/lac.py:143: error: Name "StateManager" is not defined  [name-defined]
sifaka/critics/implementations/lac.py:144: error: "StateManager" has no attribute "set"  [attr-defined]
sifaka/critics/implementations/lac.py:147: error: "StateManager" has no attribute "set"  [attr-defined]
sifaka/critics/implementations/lac.py:216: error: Returning Any from function declared to return "str"  [no-any-return]
sifaka/critics/implementations/lac.py:260: error: Signature of "improve" incompatible with supertype "TextImprover"  [override]
sifaka/critics/implementations/lac.py:260: note:      Superclass:
sifaka/critics/implementations/lac.py:260: note:          def improve(self, text: str, feedback: str) -> str
sifaka/critics/implementations/lac.py:260: note:      Subclass:
sifaka/critics/implementations/lac.py:260: note:          def improve(self, text: str, metadata: Optional[Dict[str, Any]] = ...) -> str
sifaka/critics/implementations/lac.py:322: error: Returning Any from function declared to return "str"  [no-any-return]
sifaka/critics/implementations/lac.py:408: error: Returning Any from function declared to return "str"  [no-any-return]
sifaka/critics/implementations/lac.py:486: error: Incompatible types in assignment (expression has type "ValueCriticConfig", base class "BaseComponent" defined the type as "BaseConfig")  [assignment]
sifaka/critics/implementations/lac.py:525: error: Argument 1 to "ValueCriticConfig" has incompatible type "**Dict[str, object]"; expected "str"  [arg-type]
sifaka/critics/implementations/lac.py:525: error: Argument 1 to "ValueCriticConfig" has incompatible type "**Dict[str, object]"; expected "Dict[str, Any]"  [arg-type]
sifaka/critics/implementations/lac.py:525: note: "Dict" is invariant -- see https://mypy.readthedocs.io/en/stable/common_issues.html#variance
sifaka/critics/implementations/lac.py:525: note: Consider using "Mapping" instead, which is covariant in the value type
sifaka/critics/implementations/lac.py:525: error: Argument 1 to "ValueCriticConfig" has incompatible type "**Dict[str, object]"; expected "float"  [arg-type]
sifaka/critics/implementations/lac.py:525: error: Argument 1 to "ValueCriticConfig" has incompatible type "**Dict[str, object]"; expected "int"  [arg-type]
sifaka/critics/implementations/lac.py:525: error: Argument 1 to "ValueCriticConfig" has incompatible type "**Dict[str, object]"; expected "Optional[float]"  [arg-type]
sifaka/critics/implementations/lac.py:525: error: Argument 1 to "ValueCriticConfig" has incompatible type "**Dict[str, object]"; expected "bool"  [arg-type]
sifaka/critics/implementations/lac.py:525: error: Argument 1 to "ValueCriticConfig" has incompatible type "**Dict[str, object]"; expected "List[str]"  [arg-type]
sifaka/critics/implementations/lac.py:528: error: Argument "config" to "__init__" of "BaseComponent" has incompatible type "ValueCriticConfig"; expected "Optional[BaseConfig]"  [arg-type]
sifaka/critics/implementations/lac.py:550: error: "ValueCriticConfig" has no attribute "min_score"  [attr-defined]
sifaka/critics/implementations/lac.py:551: error: "ValueCriticConfig" has no attribute "max_score"  [attr-defined]
sifaka/critics/implementations/lac.py:595: error: Returning Any from function declared to return "str"  [no-any-return]
sifaka/critics/implementations/lac.py:706: error: Returning Any from function declared to return "str"  [no-any-return]
sifaka/critics/implementations/lac.py:808: error: Incompatible types in assignment (expression has type "LACCriticConfig", base class "BaseComponent" defined the type as "BaseConfig")  [assignment]
sifaka/critics/implementations/lac.py:853: error: Name "system_prompt" is not defined  [name-defined]
sifaka/critics/implementations/lac.py:854: error: Name "system_prompt" is not defined  [name-defined]
sifaka/critics/implementations/lac.py:855: error: Name "temperature" is not defined  [name-defined]
sifaka/critics/implementations/lac.py:856: error: Name "temperature" is not defined  [name-defined]
sifaka/critics/implementations/lac.py:857: error: Name "max_tokens" is not defined  [name-defined]
sifaka/critics/implementations/lac.py:858: error: Name "max_tokens" is not defined  [name-defined]
sifaka/critics/implementations/lac.py:859: error: Name "min_confidence" is not defined  [name-defined]
sifaka/critics/implementations/lac.py:860: error: Name "min_confidence" is not defined  [name-defined]
sifaka/critics/implementations/lac.py:861: error: Name "max_attempts" is not defined  [name-defined]
sifaka/critics/implementations/lac.py:862: error: Name "max_attempts" is not defined  [name-defined]
sifaka/critics/implementations/lac.py:863: error: Name "cache_size" is not defined  [name-defined]
sifaka/critics/implementations/lac.py:864: error: Name "cache_size" is not defined  [name-defined]
sifaka/critics/implementations/lac.py:865: error: Name "priority" is not defined  [name-defined]
sifaka/critics/implementations/lac.py:866: error: Name "priority" is not defined  [name-defined]
sifaka/critics/implementations/lac.py:867: error: Name "cost" is not defined  [name-defined]
sifaka/critics/implementations/lac.py:868: error: Name "cost" is not defined  [name-defined]
sifaka/critics/implementations/lac.py:869: error: Name "feedback_prompt_template" is not defined  [name-defined]
sifaka/critics/implementations/lac.py:870: error: Name "feedback_prompt_template" is not defined  [name-defined]
sifaka/critics/implementations/lac.py:871: error: Name "value_prompt_template" is not defined  [name-defined]
sifaka/critics/implementations/lac.py:872: error: Name "value_prompt_template" is not defined  [name-defined]
sifaka/critics/implementations/lac.py:878: error: Item "Dict[str, object]" of "Union[Dict[str, Any], Any, Dict[str, object], LACCriticConfig]" has no attribute "model_copy"  [union-attr]
sifaka/critics/implementations/lac.py:891: error: Argument "config" to "__init__" of "BaseComponent" has incompatible type "Union[Dict[str, Any], Any, Dict[str, object], LACCriticConfig]"; expected "Optional[BaseConfig]"  [arg-type]
sifaka/critics/implementations/lac.py:898: error: Unexpected keyword argument "feedback_prompt_template" for "FeedbackCriticConfig"; did you mean "feedback_prompt"?  [call-arg]
sifaka/critics/implementations/lac.py:898: error: Unexpected keyword argument "feedback_dimensions" for "FeedbackCriticConfig"  [call-arg]
sifaka/critics/implementations/lac.py:899: error: Item "Dict[str, object]" of "Union[Dict[str, Any], Any, Dict[str, object], LACCriticConfig]" has no attribute "name"  [union-attr]
sifaka/critics/implementations/lac.py:901: error: Item "Dict[str, object]" of "Union[Dict[str, Any], Any, Dict[str, object], LACCriticConfig]" has no attribute "name"  [union-attr]
sifaka/critics/implementations/lac.py:905: error: Item "Dict[str, Any]" of "Union[Dict[str, Any], Any, Dict[str, object], LACCriticConfig]" has no attribute "system_prompt"  [union-attr]
sifaka/critics/implementations/lac.py:905: error: Item "Dict[str, object]" of "Union[Dict[str, Any], Any, Dict[str, object], LACCriticConfig]" has no attribute "system_prompt"  [union-attr]
sifaka/critics/implementations/lac.py:905: error: Argument "system_prompt" to "FeedbackCriticConfig" has incompatible type "Union[Any, str, None]"; expected "str"  [arg-type]
sifaka/critics/implementations/lac.py:906: error: Item "Dict[str, Any]" of "Union[Dict[str, Any], Any, Dict[str, object], LACCriticConfig]" has no attribute "temperature"  [union-attr]
sifaka/critics/implementations/lac.py:906: error: Item "Dict[str, object]" of "Union[Dict[str, Any], Any, Dict[str, object], LACCriticConfig]" has no attribute "temperature"  [union-attr]
sifaka/critics/implementations/lac.py:906: error: Argument "temperature" to "FeedbackCriticConfig" has incompatible type "Union[Any, float, None]"; expected "float"  [arg-type]
sifaka/critics/implementations/lac.py:907: error: Item "Dict[str, Any]" of "Union[Dict[str, Any], Any, Dict[str, object], LACCriticConfig]" has no attribute "max_tokens"  [union-attr]
sifaka/critics/implementations/lac.py:907: error: Item "Dict[str, object]" of "Union[Dict[str, Any], Any, Dict[str, object], LACCriticConfig]" has no attribute "max_tokens"  [union-attr]
sifaka/critics/implementations/lac.py:907: error: Argument "max_tokens" to "FeedbackCriticConfig" has incompatible type "Union[Any, int, None]"; expected "int"  [arg-type]
sifaka/critics/implementations/lac.py:908: error: Item "Dict[str, Any]" of "Union[Dict[str, Any], Any, Dict[str, object], LACCriticConfig]" has no attribute "min_confidence"  [union-attr]
sifaka/critics/implementations/lac.py:908: error: Item "Dict[str, object]" of "Union[Dict[str, Any], Any, Dict[str, object], LACCriticConfig]" has no attribute "min_confidence"  [union-attr]
sifaka/critics/implementations/lac.py:908: error: Argument "min_confidence" to "FeedbackCriticConfig" has incompatible type "Union[Any, float, None]"; expected "float"  [arg-type]
sifaka/critics/implementations/lac.py:909: error: Item "Dict[str, Any]" of "Union[Dict[str, Any], Any, Dict[str, object], LACCriticConfig]" has no attribute "max_attempts"  [union-attr]
sifaka/critics/implementations/lac.py:909: error: Item "Dict[str, object]" of "Union[Dict[str, Any], Any, Dict[str, object], LACCriticConfig]" has no attribute "max_attempts"  [union-attr]
sifaka/critics/implementations/lac.py:909: error: Argument "max_attempts" to "FeedbackCriticConfig" has incompatible type "Union[Any, int, None]"; expected "int"  [arg-type]
sifaka/critics/implementations/lac.py:910: error: Item "Dict[str, Any]" of "Union[Dict[str, Any], Any, Dict[str, object], LACCriticConfig]" has no attribute "cache_size"  [union-attr]
sifaka/critics/implementations/lac.py:910: error: Item "Dict[str, object]" of "Union[Dict[str, Any], Any, Dict[str, object], LACCriticConfig]" has no attribute "cache_size"  [union-attr]
sifaka/critics/implementations/lac.py:910: error: Argument "cache_size" to "FeedbackCriticConfig" has incompatible type "Union[Any, int, None]"; expected "int"  [arg-type]
sifaka/critics/implementations/lac.py:912: error: Argument "priority" to "FeedbackCriticConfig" has incompatible type "Optional[int]"; expected "int"  [arg-type]
sifaka/critics/implementations/lac.py:912: error: Item "Dict[str, object]" of "Union[Dict[str, Any], Any, Dict[str, object], LACCriticConfig]" has no attribute "priority"  [union-attr]
sifaka/critics/implementations/lac.py:913: error: Item "Dict[str, object]" of "Union[Dict[str, Any], Any, Dict[str, object], LACCriticConfig]" has no attribute "priority"  [union-attr]
sifaka/critics/implementations/lac.py:916: error: Item "Dict[str, Any]" of "Union[Dict[str, Any], Any, Dict[str, object], LACCriticConfig]" has no attribute "cost"  [union-attr]
sifaka/critics/implementations/lac.py:916: error: Item "Dict[str, object]" of "Union[Dict[str, Any], Any, Dict[str, object], LACCriticConfig]" has no attribute "cost"  [union-attr]
sifaka/critics/implementations/lac.py:918: error: Item "Dict[str, object]" of "Union[Dict[str, Any], Any, Dict[str, object], LACCriticConfig]" has no attribute "feedback_prompt_template"  [union-attr]
sifaka/critics/implementations/lac.py:923: error: Item "Dict[str, object]" of "Union[Dict[str, Any], Any, Dict[str, object], LACCriticConfig]" has no attribute "feedback_dimensions"  [union-attr]
sifaka/critics/implementations/lac.py:928: error: Argument "track_performance" to "FeedbackCriticConfig" has incompatible type "Optional[bool]"; expected "bool"  [arg-type]
sifaka/critics/implementations/lac.py:928: error: Item "Dict[str, object]" of "Union[Dict[str, Any], Any, Dict[str, object], LACCriticConfig]" has no attribute "track_performance"  [union-attr]
sifaka/critics/implementations/lac.py:931: error: Item "Dict[str, object]" of "Union[Dict[str, Any], Any, Dict[str, object], LACCriticConfig]" has no attribute "track_performance"  [union-attr]
sifaka/critics/implementations/lac.py:935: error: Argument "track_errors" to "FeedbackCriticConfig" has incompatible type "Optional[bool]"; expected "bool"  [arg-type]
sifaka/critics/implementations/lac.py:935: error: Item "Dict[str, object]" of "Union[Dict[str, Any], Any, Dict[str, object], LACCriticConfig]" has no attribute "track_errors"  [union-attr]
sifaka/critics/implementations/lac.py:938: error: Item "Dict[str, object]" of "Union[Dict[str, Any], Any, Dict[str, object], LACCriticConfig]" has no attribute "track_errors"  [union-attr]
sifaka/critics/implementations/lac.py:944: error: Unexpected keyword argument "value_prompt_template" for "ValueCriticConfig"  [call-arg]
sifaka/critics/implementations/lac.py:944: error: Unexpected keyword argument "value_dimensions" for "ValueCriticConfig"  [call-arg]
sifaka/critics/implementations/lac.py:944: error: Unexpected keyword argument "min_score" for "ValueCriticConfig"  [call-arg]
sifaka/critics/implementations/lac.py:944: error: Unexpected keyword argument "max_score" for "ValueCriticConfig"  [call-arg]
sifaka/critics/implementations/lac.py:945: error: Item "Dict[str, object]" of "Union[Dict[str, Any], Any, Dict[str, object], LACCriticConfig]" has no attribute "name"  [union-attr]
sifaka/critics/implementations/lac.py:947: error: Item "Dict[str, object]" of "Union[Dict[str, Any], Any, Dict[str, object], LACCriticConfig]" has no attribute "name"  [union-attr]
sifaka/critics/implementations/lac.py:951: error: Item "Dict[str, Any]" of "Union[Dict[str, Any], Any, Dict[str, object], LACCriticConfig]" has no attribute "system_prompt"  [union-attr]
sifaka/critics/implementations/lac.py:951: error: Item "Dict[str, object]" of "Union[Dict[str, Any], Any, Dict[str, object], LACCriticConfig]" has no attribute "system_prompt"  [union-attr]
sifaka/critics/implementations/lac.py:951: error: Argument "system_prompt" to "ValueCriticConfig" has incompatible type "Union[Any, str, None]"; expected "str"  [arg-type]
sifaka/critics/implementations/lac.py:952: error: Item "Dict[str, Any]" of "Union[Dict[str, Any], Any, Dict[str, object], LACCriticConfig]" has no attribute "temperature"  [union-attr]
sifaka/critics/implementations/lac.py:952: error: Item "Dict[str, object]" of "Union[Dict[str, Any], Any, Dict[str, object], LACCriticConfig]" has no attribute "temperature"  [union-attr]
sifaka/critics/implementations/lac.py:952: error: Argument "temperature" to "ValueCriticConfig" has incompatible type "Union[Any, float, None]"; expected "float"  [arg-type]
sifaka/critics/implementations/lac.py:953: error: Item "Dict[str, Any]" of "Union[Dict[str, Any], Any, Dict[str, object], LACCriticConfig]" has no attribute "max_tokens"  [union-attr]
sifaka/critics/implementations/lac.py:953: error: Item "Dict[str, object]" of "Union[Dict[str, Any], Any, Dict[str, object], LACCriticConfig]" has no attribute "max_tokens"  [union-attr]
sifaka/critics/implementations/lac.py:953: error: Argument "max_tokens" to "ValueCriticConfig" has incompatible type "Union[Any, int, None]"; expected "int"  [arg-type]
sifaka/critics/implementations/lac.py:954: error: Item "Dict[str, Any]" of "Union[Dict[str, Any], Any, Dict[str, object], LACCriticConfig]" has no attribute "min_confidence"  [union-attr]
sifaka/critics/implementations/lac.py:954: error: Item "Dict[str, object]" of "Union[Dict[str, Any], Any, Dict[str, object], LACCriticConfig]" has no attribute "min_confidence"  [union-attr]
sifaka/critics/implementations/lac.py:954: error: Argument "min_confidence" to "ValueCriticConfig" has incompatible type "Union[Any, float, None]"; expected "float"  [arg-type]
sifaka/critics/implementations/lac.py:955: error: Item "Dict[str, Any]" of "Union[Dict[str, Any], Any, Dict[str, object], LACCriticConfig]" has no attribute "max_attempts"  [union-attr]
sifaka/critics/implementations/lac.py:955: error: Item "Dict[str, object]" of "Union[Dict[str, Any], Any, Dict[str, object], LACCriticConfig]" has no attribute "max_attempts"  [union-attr]
sifaka/critics/implementations/lac.py:955: error: Argument "max_attempts" to "ValueCriticConfig" has incompatible type "Union[Any, int, None]"; expected "int"  [arg-type]
sifaka/critics/implementations/lac.py:956: error: Item "Dict[str, Any]" of "Union[Dict[str, Any], Any, Dict[str, object], LACCriticConfig]" has no attribute "cache_size"  [union-attr]
sifaka/critics/implementations/lac.py:956: error: Item "Dict[str, object]" of "Union[Dict[str, Any], Any, Dict[str, object], LACCriticConfig]" has no attribute "cache_size"  [union-attr]
sifaka/critics/implementations/lac.py:956: error: Argument "cache_size" to "ValueCriticConfig" has incompatible type "Union[Any, int, None]"; expected "int"  [arg-type]
sifaka/critics/implementations/lac.py:958: error: Argument "priority" to "ValueCriticConfig" has incompatible type "Optional[int]"; expected "int"  [arg-type]
sifaka/critics/implementations/lac.py:958: error: Item "Dict[str, object]" of "Union[Dict[str, Any], Any, Dict[str, object], LACCriticConfig]" has no attribute "priority"  [union-attr]
sifaka/critics/implementations/lac.py:959: error: Item "Dict[str, object]" of "Union[Dict[str, Any], Any, Dict[str, object], LACCriticConfig]" has no attribute "priority"  [union-attr]
sifaka/critics/implementations/lac.py:962: error: Item "Dict[str, Any]" of "Union[Dict[str, Any], Any, Dict[str, object], LACCriticConfig]" has no attribute "cost"  [union-attr]
sifaka/critics/implementations/lac.py:962: error: Item "Dict[str, object]" of "Union[Dict[str, Any], Any, Dict[str, object], LACCriticConfig]" has no attribute "cost"  [union-attr]
sifaka/critics/implementations/lac.py:964: error: Item "Dict[str, object]" of "Union[Dict[str, Any], Any, Dict[str, object], LACCriticConfig]" has no attribute "value_prompt_template"  [union-attr]
sifaka/critics/implementations/lac.py:969: error: Item "Dict[str, object]" of "Union[Dict[str, Any], Any, Dict[str, object], LACCriticConfig]" has no attribute "value_dimensions"  [union-attr]
sifaka/critics/implementations/lac.py:973: error: Item "Dict[str, object]" of "Union[Dict[str, Any], Any, Dict[str, object], LACCriticConfig]" has no attribute "min_score"  [union-attr]
sifaka/critics/implementations/lac.py:974: error: Item "Dict[str, object]" of "Union[Dict[str, Any], Any, Dict[str, object], LACCriticConfig]" has no attribute "max_score"  [union-attr]
sifaka/critics/implementations/lac.py:976: error: Argument "track_performance" to "ValueCriticConfig" has incompatible type "Optional[bool]"; expected "bool"  [arg-type]
sifaka/critics/implementations/lac.py:976: error: Item "Dict[str, object]" of "Union[Dict[str, Any], Any, Dict[str, object], LACCriticConfig]" has no attribute "track_performance"  [union-attr]
sifaka/critics/implementations/lac.py:979: error: Item "Dict[str, object]" of "Union[Dict[str, Any], Any, Dict[str, object], LACCriticConfig]" has no attribute "track_performance"  [union-attr]
sifaka/critics/implementations/lac.py:983: error: Argument "track_errors" to "ValueCriticConfig" has incompatible type "Optional[bool]"; expected "bool"  [arg-type]
sifaka/critics/implementations/lac.py:983: error: Item "Dict[str, object]" of "Union[Dict[str, Any], Any, Dict[str, object], LACCriticConfig]" has no attribute "track_errors"  [union-attr]
sifaka/critics/implementations/lac.py:986: error: Item "Dict[str, object]" of "Union[Dict[str, Any], Any, Dict[str, object], LACCriticConfig]" has no attribute "track_errors"  [union-attr]
sifaka/critics/implementations/lac.py:993: error: Item "Dict[str, object]" of "Union[Dict[str, Any], Any, Dict[str, object], LACCriticConfig]" has no attribute "name"  [union-attr]
sifaka/critics/implementations/lac.py:995: error: Item "Dict[str, object]" of "Union[Dict[str, Any], Any, Dict[str, object], LACCriticConfig]" has no attribute "name"  [union-attr]
sifaka/critics/implementations/lac.py:1004: error: Item "Dict[str, object]" of "Union[Dict[str, Any], Any, Dict[str, object], LACCriticConfig]" has no attribute "name"  [union-attr]
sifaka/critics/implementations/lac.py:1006: error: Item "Dict[str, object]" of "Union[Dict[str, Any], Any, Dict[str, object], LACCriticConfig]" has no attribute "name"  [union-attr]
sifaka/critics/implementations/lac.py:1018: error: Item "Dict[str, Any]" of "Union[Dict[str, Any], Any, Dict[str, object], LACCriticConfig]" has no attribute "system_prompt"  [union-attr]
sifaka/critics/implementations/lac.py:1018: error: Item "Dict[str, object]" of "Union[Dict[str, Any], Any, Dict[str, object], LACCriticConfig]" has no attribute "system_prompt"  [union-attr]
sifaka/critics/implementations/lac.py:1019: error: Item "Dict[str, Any]" of "Union[Dict[str, Any], Any, Dict[str, object], LACCriticConfig]" has no attribute "temperature"  [union-attr]
sifaka/critics/implementations/lac.py:1019: error: Item "Dict[str, object]" of "Union[Dict[str, Any], Any, Dict[str, object], LACCriticConfig]" has no attribute "temperature"  [union-attr]
sifaka/critics/implementations/lac.py:1020: error: Item "Dict[str, Any]" of "Union[Dict[str, Any], Any, Dict[str, object], LACCriticConfig]" has no attribute "max_tokens"  [union-attr]
sifaka/critics/implementations/lac.py:1020: error: Item "Dict[str, object]" of "Union[Dict[str, Any], Any, Dict[str, object], LACCriticConfig]" has no attribute "max_tokens"  [union-attr]
sifaka/critics/implementations/lac.py:1067: error: Returning Any from function declared to return "str"  [no-any-return]
sifaka/critics/implementations/lac.py:1165: error: Returning Any from function declared to return "str"  [no-any-return]
sifaka/critics/implementations/lac.py:1296: error: Incompatible types in assignment (expression has type "float", target has type "str")  [assignment]
sifaka/critics/implementations/lac.py:1298: error: Incompatible types in assignment (expression has type "int", target has type "str")  [assignment]
sifaka/critics/implementations/lac.py:1300: error: Incompatible types in assignment (expression has type "float", target has type "str")  [assignment]
sifaka/critics/implementations/lac.py:1302: error: Incompatible types in assignment (expression has type "int", target has type "str")  [assignment]
sifaka/critics/implementations/lac.py:1304: error: Incompatible types in assignment (expression has type "int", target has type "str")  [assignment]
sifaka/critics/implementations/lac.py:1306: error: Incompatible types in assignment (expression has type "int", target has type "str")  [assignment]
sifaka/critics/implementations/lac.py:1308: error: Incompatible types in assignment (expression has type "float", target has type "str")  [assignment]
sifaka/critics/implementations/lac.py:1316: error: Item "Dict[str, object]" of "Union[Dict[str, Any], Any, Dict[str, object], FeedbackCriticConfig]" has no attribute "model_copy"  [union-attr]
sifaka/critics/implementations/lac.py:1329: error: Cannot instantiate abstract class "FeedbackCritic" with abstract attribute "process"  [abstract]
sifaka/critics/implementations/lac.py:1329: error: Unexpected keyword argument "name" for "FeedbackCritic"  [call-arg]
sifaka/critics/implementations/lac.py:1329: error: Unexpected keyword argument "description" for "FeedbackCritic"  [call-arg]
sifaka/critics/implementations/lac.py:1329: error: Unexpected keyword argument "llm_provider" for "FeedbackCritic"  [call-arg]
sifaka/critics/implementations/lac.py:1333: error: Argument "config" to "FeedbackCritic" has incompatible type "Union[Dict[str, Any], Any, Dict[str, object], FeedbackCriticConfig]"; expected "Optional[Dict[str, Any]]"  [arg-type]
sifaka/critics/implementations/lac.py:1437: error: Incompatible types in assignment (expression has type "float", target has type "str")  [assignment]
sifaka/critics/implementations/lac.py:1439: error: Incompatible types in assignment (expression has type "int", target has type "str")  [assignment]
sifaka/critics/implementations/lac.py:1441: error: Incompatible types in assignment (expression has type "float", target has type "str")  [assignment]
sifaka/critics/implementations/lac.py:1443: error: Incompatible types in assignment (expression has type "int", target has type "str")  [assignment]
sifaka/critics/implementations/lac.py:1445: error: Incompatible types in assignment (expression has type "int", target has type "str")  [assignment]
sifaka/critics/implementations/lac.py:1447: error: Incompatible types in assignment (expression has type "int", target has type "str")  [assignment]
sifaka/critics/implementations/lac.py:1449: error: Incompatible types in assignment (expression has type "float", target has type "str")  [assignment]
sifaka/critics/implementations/lac.py:1453: error: Incompatible types in assignment (expression has type "float", target has type "str")  [assignment]
sifaka/critics/implementations/lac.py:1455: error: Incompatible types in assignment (expression has type "float", target has type "str")  [assignment]
sifaka/critics/implementations/lac.py:1461: error: Item "Dict[str, object]" of "Union[Dict[str, Any], Any, Dict[str, object], ValueCriticConfig]" has no attribute "model_copy"  [union-attr]
sifaka/critics/implementations/lac.py:1474: error: Cannot instantiate abstract class "ValueCritic" with abstract attribute "process"  [abstract]
sifaka/critics/implementations/lac.py:1478: error: Argument "config" to "ValueCritic" has incompatible type "Union[Dict[str, Any], Any, Dict[str, object], ValueCriticConfig]"; expected "Optional[ValueCriticConfig]"  [arg-type]
sifaka/critics/implementations/lac.py:1579: error: Incompatible types in assignment (expression has type "float", target has type "str")  [assignment]
sifaka/critics/implementations/lac.py:1581: error: Incompatible types in assignment (expression has type "int", target has type "str")  [assignment]
sifaka/critics/implementations/lac.py:1583: error: Incompatible types in assignment (expression has type "float", target has type "str")  [assignment]
sifaka/critics/implementations/lac.py:1585: error: Incompatible types in assignment (expression has type "int", target has type "str")  [assignment]
sifaka/critics/implementations/lac.py:1587: error: Incompatible types in assignment (expression has type "int", target has type "str")  [assignment]
sifaka/critics/implementations/lac.py:1589: error: Incompatible types in assignment (expression has type "int", target has type "str")  [assignment]
sifaka/critics/implementations/lac.py:1591: error: Incompatible types in assignment (expression has type "float", target has type "str")  [assignment]
sifaka/critics/implementations/lac.py:1601: error: Item "Dict[str, object]" of "Union[Dict[str, Any], Any, Dict[str, object], LACCriticConfig]" has no attribute "model_copy"  [union-attr]
sifaka/critics/implementations/lac.py:1614: error: Cannot instantiate abstract class "LACCritic" with abstract attribute "process"  [abstract]
sifaka/classifiers/classifier.py:256: error: Returning Any from function declared to return "ClassificationResult[Any, Any]"  [no-any-return]
sifaka/classifiers/classifier.py:259: error: Missing positional argument "implementation" in call to "classify" of "Engine"  [call-arg]
sifaka/classifiers/classifier.py:274: error: Returning Any from function declared to return "ClassificationResult[Any, Any]"  [no-any-return]
sifaka/classifiers/classifier.py:316: error: Missing named argument "passed" for "ClassificationResult"  [call-arg]
sifaka/classifiers/classifier.py:316: error: Missing named argument "message" for "ClassificationResult"  [call-arg]
sifaka/classifiers/classifier.py:344: error: Unexpected keyword argument "execution_count" for "update_statistics"; did you mean "execution_time"?  [call-arg]
sifaka/classifiers/classifier.py:344: error: "update_statistics" does not return a value (it only ever returns None)  [func-returns-value]
sifaka/models/core/provider.py:182: error: Argument 1 to "int" has incompatible type "Union[Any, ErrorResult]"; expected "Union[str, Buffer, SupportsInt, SupportsIndex, SupportsTrunc]"  [arg-type]
sifaka/critics/services/critique.py:227: error: Return type "bool" of "validate" incompatible with return type "CritiqueService" in supertype "BaseModel"  [override]
sifaka/critics/services/critique.py:274: error: Incompatible return value type (got "Union[bool, ErrorResult]", expected "bool")  [return-value]
sifaka/critics/services/critique.py:330: error: Item "str" of "Union[Any, str]" has no attribute "get"  [union-attr]
sifaka/critics/services/critique.py:339: error: Incompatible return value type (got "Union[Dict[str, Any], ErrorResult]", expected "Dict[str, Any]")  [return-value]
sifaka/critics/services/critique.py:410: error: Argument 2 to "_generate_reflection" of "CritiqueService" has incompatible type "Union[str, List[Dict[str, Any]]]"; expected "str"  [arg-type]
sifaka/critics/services/critique.py:418: error: Incompatible return value type (got "Union[str, ErrorResult]", expected "str")  [return-value]
sifaka/critics/services/critique.py:558: error: Incompatible return value type (got "Union[List[str], ErrorResult]", expected "List[str]")  [return-value]
sifaka/core/managers/prompt_factories.py:112: error: Returning Any from function declared to return "str"  [no-any-return]
sifaka/core/managers/prompt_factories.py:149: error: Returning Any from function declared to return "str"  [no-any-return]
sifaka/core/managers/prompt_factories.py:244: error: Returning Any from function declared to return "str"  [no-any-return]
sifaka/core/managers/prompt_factories.py:284: error: Returning Any from function declared to return "str"  [no-any-return]
sifaka/core/improvement.py:78: error: Argument "output" to "ImprovementResult" has incompatible type "str"; expected "OutputType"  [arg-type]
sifaka/classifiers/factories.py:94: error: Unexpected keyword argument "min_confidence" for "ClassifierConfig"  [call-arg]
sifaka/classifiers/factories.py:94: error: Need type annotation for "config"  [var-annotated]
sifaka/classifiers/factories.py:99: error: Unexpected keyword argument "labels" for "Classifier"  [call-arg]
sifaka/classifiers/classifier.py:132: note: "Classifier" defined here
sifaka/classifiers/factories.py:104: error: Argument "implementation" to "Classifier" has incompatible type "Optional[ClassifierImplementation]"; expected "ClassifierImplementation"  [arg-type]
sifaka/classifiers/implementations/properties/topic.py:236: error: Unexpected keyword argument "implementation" for "ClassifierConfig"  [call-arg]
sifaka/classifiers/implementations/properties/topic.py:236: error: Unexpected keyword argument "labels" for "ClassifierConfig"  [call-arg]
sifaka/classifiers/implementations/properties/topic.py:236: error: Unexpected keyword argument "cost" for "ClassifierConfig"  [call-arg]
sifaka/classifiers/implementations/properties/topic.py:236: error: Unexpected keyword argument "min_confidence" for "ClassifierConfig"  [call-arg]
sifaka/classifiers/implementations/properties/topic.py:246: error: Argument "implementation" to "__init__" of "Classifier" has incompatible type "str"; expected "ClassifierImplementation"  [arg-type]
sifaka/classifiers/implementations/properties/topic.py:249: error: Too many arguments for "create_classifier_state"  [call-arg]
sifaka/classifiers/implementations/properties/topic.py:255: error: "ClassifierConfig[Any]" has no attribute "labels"  [attr-defined]
sifaka/classifiers/implementations/properties/topic.py:346: error: "ClassifierConfig[Any]" has no attribute "min_confidence"  [attr-defined]
sifaka/classifiers/implementations/properties/topic.py:386: error: "ClassifierConfig[Any]" has no attribute "min_confidence"  [attr-defined]
sifaka/classifiers/implementations/properties/topic.py:413: error: Argument "config" to "TopicClassifier" has incompatible type "Optional[Dict[str, Any]]"; expected "Optional[ClassifierConfig[str]]"  [arg-type]
sifaka/classifiers/implementations/properties/topic.py:456: error: Unexpected keyword argument "implementation" for "ClassifierConfig"  [call-arg]
sifaka/classifiers/implementations/properties/topic.py:456: error: Unexpected keyword argument "labels" for "ClassifierConfig"  [call-arg]
sifaka/classifiers/implementations/properties/topic.py:456: error: Unexpected keyword argument "cost" for "ClassifierConfig"  [call-arg]
sifaka/classifiers/implementations/properties/topic.py:456: error: Unexpected keyword argument "min_confidence" for "ClassifierConfig"  [call-arg]
sifaka/classifiers/implementations/properties/readability.py:184: error: Returning Any from function declared to return "str"  [no-any-return]
sifaka/interfaces/chain/__init__.py:61: error: Cannot find implementation or library stub for module named "sifaka.interfaces.chain.model"  [import-not-found]
sifaka/interfaces/chain/__init__.py:61: note: See https://mypy.readthedocs.io/en/stable/running_mypy.html#missing-imports
sifaka/interfaces/chain/__init__.py:62: error: Cannot find implementation or library stub for module named "sifaka.interfaces.chain.validator"  [import-not-found]
sifaka/interfaces/chain/__init__.py:63: error: Cannot find implementation or library stub for module named "sifaka.interfaces.chain.improver"  [import-not-found]
sifaka/interfaces/chain/__init__.py:64: error: Cannot find implementation or library stub for module named "sifaka.interfaces.chain.formatter"  [import-not-found]
sifaka/interfaces/chain/__init__.py:65: error: Module "sifaka.interfaces.chain.components" has no attribute "ChainComponent"  [attr-defined]
sifaka/interfaces/chain/__init__.py:66: error: Cannot find implementation or library stub for module named "sifaka.interfaces.chain.results"  [import-not-found]
sifaka/interfaces/chain/__init__.py:69: error: Cannot find implementation or library stub for module named "sifaka.interfaces.chain.manager"  [import-not-found]
sifaka/interfaces/chain/__init__.py:70: error: Cannot find implementation or library stub for module named "sifaka.interfaces.chain.retry_strategy"  [import-not-found]
sifaka/interfaces/chain/__init__.py:71: error: Cannot find implementation or library stub for module named "sifaka.interfaces.chain.result_formatter"  [import-not-found]
sifaka/critics/base/implementation.py:121: error: "Critic" has no attribute "is_valid_text"  [attr-defined]
sifaka/critics/base/implementation.py:147: error: "Critic" has no attribute "is_valid_text"  [attr-defined]
sifaka/critics/base/implementation.py:175: error: "Critic" has no attribute "is_valid_text"  [attr-defined]
sifaka/critics/base/implementation.py:205: error: "Critic" has no attribute "is_valid_text"  [attr-defined]
sifaka/critics/implementations/self_refine.py:559: error: Returning Any from function declared to return "str"  [no-any-return]
sifaka/critics/implementations/self_refine.py:887: error: Unsupported operand types for - ("float" and "str")  [operator]
sifaka/critics/implementations/self_refine.py:887: note: Right operand is of type "Union[float, str]"
sifaka/critics/implementations/self_refine.py:1143: error: Incompatible types in assignment (expression has type "float", target has type "str")  [assignment]
sifaka/critics/implementations/self_refine.py:1151: error: Incompatible types in assignment (expression has type "int", target has type "str")  [assignment]
sifaka/critics/implementations/self_refine.py:1159: error: Incompatible types in assignment (expression has type "float", target has type "str")  [assignment]
sifaka/critics/implementations/self_refine.py:1167: error: Incompatible types in assignment (expression has type "int", target has type "str")  [assignment]
sifaka/critics/implementations/self_refine.py:1175: error: Incompatible types in assignment (expression has type "int", target has type "str")  [assignment]
sifaka/critics/implementations/self_refine.py:1183: error: Incompatible types in assignment (expression has type "int", target has type "str")  [assignment]
sifaka/critics/implementations/self_refine.py:1191: error: Incompatible types in assignment (expression has type "float", target has type "str")  [assignment]
sifaka/critics/implementations/self_refine.py:1199: error: Incompatible types in assignment (expression has type "int", target has type "str")  [assignment]
sifaka/critics/implementations/self_refine.py:1228: error: Argument 2 to "standardize_critic_config" has incompatible type "**Dict[str, str]"; expected "Union[Dict[str, Any], CriticConfig, None]"  [arg-type]
sifaka/critics/implementations/self_refine.py:1228: note: "Dict" is invariant -- see https://mypy.readthedocs.io/en/stable/common_issues.html#variance
sifaka/critics/implementations/self_refine.py:1228: note: Consider using "Mapping" instead, which is covariant in the value type
sifaka/critics/implementations/self_refine.py:1228: error: Argument 2 to "standardize_critic_config" has incompatible type "**Dict[str, str]"; expected "Optional[Dict[str, Any]]"  [arg-type]
sifaka/critics/implementations/constitutional.py:198: error: Incompatible types in assignment (expression has type "ConstitutionalCriticConfig", base class "BaseComponent" defined the type as "BaseConfig")  [assignment]
sifaka/critics/implementations/constitutional.py:254: error: Argument "config" to "__init__" of "BaseComponent" has incompatible type "ConstitutionalCriticConfig"; expected "Optional[BaseConfig]"  [arg-type]
sifaka/critics/implementations/constitutional.py:292: error: "ConstitutionalCriticConfig" has no attribute "critique_prompt_template"  [attr-defined]
sifaka/critics/implementations/constitutional.py:293: error: "ConstitutionalCriticConfig" has no attribute "improvement_prompt_template"  [attr-defined]
sifaka/critics/implementations/constitutional.py:360: error: Need type annotation for "result"  [var-annotated]
sifaka/critics/implementations/constitutional.py:423: error: Returning Any from function declared to return "str"  [no-any-return]
sifaka/critics/implementations/constitutional.py:461: error: "set_metadata" of "StateManager" does not return a value (it only ever returns None)  [func-returns-value]
sifaka/critics/implementations/constitutional.py:462: error: Unsupported operand types for + ("StateManager" and "int")  [operator]
sifaka/critics/implementations/constitutional.py:462: note: Left operand is of type "Union[StateManager, Any]"
sifaka/critics/implementations/constitutional.py:479: error: "set_metadata" of "StateManager" does not return a value (it only ever returns None)  [func-returns-value]
sifaka/critics/implementations/constitutional.py:480: error: Unsupported operand types for + ("StateManager" and "int")  [operator]
sifaka/critics/implementations/constitutional.py:480: note: Left operand is of type "Union[StateManager, Any]"
sifaka/critics/implementations/constitutional.py:486: error: "set_metadata" of "StateManager" does not return a value (it only ever returns None)  [func-returns-value]
sifaka/critics/implementations/constitutional.py:487: error: Unsupported operand types for + ("StateManager" and "int")  [operator]
sifaka/critics/implementations/constitutional.py:487: note: Left operand is of type "Union[StateManager, Any]"
sifaka/critics/implementations/constitutional.py:499: error: Unsupported operand types for + ("StateManager" and "float")  [operator]
sifaka/critics/implementations/constitutional.py:499: note: Left operand is of type "Union[StateManager, Any]"
sifaka/critics/implementations/constitutional.py:509: error: Signature of "critique" incompatible with supertype "TextCritic"  [override]
sifaka/critics/implementations/constitutional.py:509: note:      Superclass:
sifaka/critics/implementations/constitutional.py:509: note:          def critique(self, text: str) -> CritiqueResult
sifaka/critics/implementations/constitutional.py:509: note:      Subclass:
sifaka/critics/implementations/constitutional.py:509: note:          def critique(self, text: str, metadata: Optional[Dict[str, Any]] = ...) -> Dict[str, Any]
sifaka/critics/implementations/constitutional.py:545: error: "set_metadata" of "StateManager" does not return a value (it only ever returns None)  [func-returns-value]
sifaka/critics/implementations/constitutional.py:546: error: Unsupported operand types for + ("StateManager" and "int")  [operator]
sifaka/critics/implementations/constitutional.py:546: note: Left operand is of type "Union[StateManager, Any]"
sifaka/critics/implementations/constitutional.py:567: error: "set_metadata" of "StateManager" does not return a value (it only ever returns None)  [func-returns-value]
sifaka/critics/implementations/constitutional.py:577: error: Unsupported operand types for - ("float" and Module)  [operator]
sifaka/critics/implementations/constitutional.py:577: note: Right operand is of type "Union[Module, float]"
sifaka/critics/implementations/constitutional.py:579: error: Unsupported operand types for + ("StateManager" and "float")  [operator]
sifaka/critics/implementations/constitutional.py:579: note: Left operand is of type "Union[StateManager, Any]"
sifaka/critics/implementations/constitutional.py:582: error: Returning Any from function declared to return "Dict[str, Any]"  [no-any-return]
sifaka/critics/implementations/constitutional.py:589: error: Signature of "improve" incompatible with supertype "TextImprover"  [override]
sifaka/critics/implementations/constitutional.py:589: note:      Superclass:
sifaka/critics/implementations/constitutional.py:589: note:          def improve(self, text: str, feedback: str) -> str
sifaka/critics/implementations/constitutional.py:589: note:      Subclass:
sifaka/critics/implementations/constitutional.py:589: note:          def improve(self, text: str, metadata: Optional[Dict[str, Any]] = ...) -> str
sifaka/critics/implementations/constitutional.py:625: error: "set_metadata" of "StateManager" does not return a value (it only ever returns None)  [func-returns-value]
sifaka/critics/implementations/constitutional.py:626: error: Unsupported operand types for + ("StateManager" and "int")  [operator]
sifaka/critics/implementations/constitutional.py:626: note: Left operand is of type "Union[StateManager, Any]"
sifaka/critics/implementations/constitutional.py:660: error: Returning Any from function declared to return "str"  [no-any-return]
sifaka/critics/implementations/constitutional.py:757: error: Returning Any from function declared to return "str"  [no-any-return]
sifaka/adapters/base.py:283: error: Signature of "validate" incompatible with supertype "BaseModel"  [override]
sifaka/adapters/base.py:283: note:      Superclass:
sifaka/adapters/base.py:283: note:          def validate(cls, value: Any) -> BaseAdapter[T, C]
sifaka/adapters/base.py:283: note:      Subclass:
sifaka/adapters/base.py:283: note:          def validate(self, input_value: Any, **kwargs: Any) -> RuleResult
sifaka/adapters/base.py:310: error: Returning Any from function declared to return "RuleResult"  [no-any-return]
sifaka/classifiers/implementations/factories.py:27: error: Module "sifaka.classifiers.implementations.adapters" has no attribute "ToxicityClassifierAdapter"  [attr-defined]
sifaka/classifiers/implementations/factories.py:27: error: Module "sifaka.classifiers.implementations.adapters" has no attribute "SentimentClassifierAdapter"  [attr-defined]
sifaka/classifiers/implementations/factories.py:27: error: Module "sifaka.classifiers.implementations.adapters" has no attribute "ProfanityClassifierAdapter"  [attr-defined]
sifaka/classifiers/implementations/factories.py:56: error: Unexpected keyword argument "cache_enabled" for "create_classifier"  [call-arg]
sifaka/classifiers/factories.py:64: note: "create_classifier" defined here
sifaka/classifiers/implementations/factories.py:87: error: Unexpected keyword argument "cache_enabled" for "create_classifier"  [call-arg]
sifaka/classifiers/factories.py:64: note: "create_classifier" defined here
sifaka/classifiers/implementations/factories.py:114: error: Unexpected keyword argument "cache_enabled" for "create_classifier"  [call-arg]
sifaka/classifiers/factories.py:64: note: "create_classifier" defined here
sifaka/rules/content/base.py:131: error: Unexpected keyword argument "validation_type" for "__init__" of "object"  [call-arg]
sifaka/rules/content/base.py:163: error: "ContentValidator" has no attribute "handle_empty_text"  [attr-defined]
sifaka/rules/content/base.py:165: error: Incompatible return value type (got "Union[Any, str]", expected "RuleResult")  [return-value]
sifaka/rules/content/base.py:172: error: Item "None" of "Optional[ContentAnalysis]" has no attribute "has_content"  [union-attr]
sifaka/rules/content/base.py:179: error: Item "None" of "Optional[ContentAnalysis]" has no attribute "length"  [union-attr]
sifaka/rules/content/base.py:180: error: Item "None" of "Optional[ContentAnalysis]" has no attribute "word_count"  [union-attr]
sifaka/rules/content/base.py:181: error: Item "None" of "Optional[ContentAnalysis]" has no attribute "has_content"  [union-attr]
sifaka/rules/content/base.py:183: error: Item "None" of "Optional[ContentAnalysis]" has no attribute "metadata"  [union-attr]
sifaka/rules/content/base.py:188: error: Unsupported operand types for - ("str" and "float")  [operator]
sifaka/rules/content/base.py:188: error: Unsupported left operand type for - ("str")  [operator]
sifaka/rules/content/base.py:188: note: Right operand is of type "Union[float, str]"
sifaka/rules/content/base.py:192: error: "ContentValidator" has no attribute "update_statistics"  [attr-defined]
sifaka/rules/content/base.py:197: error: "ContentValidator" has no attribute "record_error"  [attr-defined]
sifaka/rules/content/base.py:212: error: Unsupported operand types for - ("str" and "float")  [operator]
sifaka/rules/content/base.py:212: error: Unsupported left operand type for - ("str")  [operator]
sifaka/rules/content/base.py:212: note: Right operand is of type "Union[float, str]"
sifaka/rules/content/base.py:215: error: "ContentValidator" has no attribute "update_statistics"  [attr-defined]
sifaka/rules/content/base.py:340: error: Need type annotation for "indicators" (hint: "indicators: List[<type>] = ...")  [var-annotated]
sifaka/rules/content/base.py:342: error: "append" of "list" does not return a value (it only ever returns None)  [func-returns-value]
sifaka/rules/content/base.py:345: error: "append" of "list" does not return a value (it only ever returns None)  [func-returns-value]
sifaka/rules/content/base.py:469: error: Unsupported operand types for - ("float" and "str")  [operator]
sifaka/rules/content/base.py:469: note: Right operand is of type "Union[float, str]"
sifaka/rules/content/base.py:478: error: Unsupported operand types for - ("str" and "float")  [operator]
sifaka/rules/content/base.py:478: error: Unsupported left operand type for - ("str")  [operator]
sifaka/rules/content/base.py:478: note: Right operand is of type "Union[float, str]"
sifaka/rules/content/base.py:496: error: Unsupported operand types for - ("float" and "str")  [operator]
sifaka/rules/content/base.py:496: note: Right operand is of type "Union[float, str]"
sifaka/rules/content/base.py:695: error: Unsupported operand types for - ("float" and "str")  [operator]
sifaka/rules/content/base.py:695: note: Right operand is of type "Union[float, str]"
sifaka/rules/content/base.py:700: error: Unsupported operand types for - ("float" and "str")  [operator]
sifaka/rules/content/base.py:700: note: Right operand is of type "Union[float, str]"
sifaka/rules/content/base.py:718: error: Unsupported operand types for - ("float" and "str")  [operator]
sifaka/rules/content/base.py:718: note: Right operand is of type "Union[float, str]"
sifaka/rules/content/base.py:832: error: Incompatible types in assignment (expression has type "float", target has type "List[str]")  [assignment]
sifaka/rules/content/base.py:834: error: Incompatible types in assignment (expression has type "bool", target has type "List[str]")  [assignment]
sifaka/rules/content/base.py:836: error: Incompatible types in assignment (expression has type "bool", target has type "List[str]")  [assignment]
sifaka/rules/content/base.py:842: error: Argument 1 to "IndicatorAnalyzer" has incompatible type "**Dict[str, List[str]]"; expected "float"  [arg-type]
sifaka/rules/content/base.py:842: error: Argument 1 to "IndicatorAnalyzer" has incompatible type "**Dict[str, List[str]]"; expected "bool"  [arg-type]
sifaka/rules/content/base.py:902: error: Incompatible types in assignment (expression has type "float", target has type "Dict[str, List[str]]")  [assignment]
sifaka/rules/content/base.py:904: error: Incompatible types in assignment (expression has type "bool", target has type "Dict[str, List[str]]")  [assignment]
sifaka/rules/content/base.py:906: error: Incompatible types in assignment (expression has type "bool", target has type "Dict[str, List[str]]")  [assignment]
sifaka/rules/content/base.py:908: error: Incompatible types in assignment (expression has type "bool", target has type "Dict[str, List[str]]")  [assignment]
sifaka/rules/content/base.py:914: error: Argument 1 to "CategoryAnalyzer" has incompatible type "**Dict[str, Dict[str, List[str]]]"; expected "float"  [arg-type]
sifaka/rules/content/base.py:914: error: Argument 1 to "CategoryAnalyzer" has incompatible type "**Dict[str, Dict[str, List[str]]]"; expected "bool"  [arg-type]
sifaka/rules/content/sentiment.py:238: error: Name "_classifier" is not defined  [name-defined]
sifaka/rules/content/sentiment.py:239: error: Item "str" of "Union[Any, str]" has no attribute "label"  [union-attr]
sifaka/rules/content/sentiment.py:239: error: Item "str" of "Union[Any, str]" has no attribute "confidence"  [union-attr]
sifaka/rules/content/sentiment.py:242: error: Item "str" of "Union[Any, str]" has no attribute "label"  [union-attr]
sifaka/rules/content/sentiment.py:242: error: Item "str" of "Union[Any, str]" has no attribute "confidence"  [union-attr]
sifaka/rules/content/sentiment.py:245: error: Item "str" of "Union[Any, str]" has no attribute "label"  [union-attr]
sifaka/rules/content/sentiment.py:246: error: Item "str" of "Union[Any, str]" has no attribute "confidence"  [union-attr]
sifaka/rules/content/sentiment.py:249: error: Item "str" of "Union[Any, str]" has no attribute "metadata"  [union-attr]
sifaka/rules/content/sentiment.py:320: error: Returning Any from function declared to return "SentimentConfig"  [no-any-return]
sifaka/rules/content/sentiment.py:335: error: Returning Any from function declared to return "RuleResult"  [no-any-return]
sifaka/rules/content/sentiment.py:351: error: Returning Any from function declared to return "RuleResult"  [no-any-return]
sifaka/rules/content/sentiment.py:370: error: Returning Any from function declared to return "RuleResult"  [no-any-return]
sifaka/rules/content/sentiment.py:411: error: Function is missing a type annotation for one or more arguments  [no-untyped-def]
sifaka/rules/content/sentiment.py:500: error: Incompatible types in assignment (expression has type "List[str]", target has type "float")  [assignment]
sifaka/rules/content/sentiment.py:502: error: Argument 1 to "SentimentConfig" has incompatible type "**Dict[str, float]"; expected "List[str]"  [arg-type]
sifaka/rules/content/sentiment.py:502: error: Argument 1 to "SentimentConfig" has incompatible type "**Dict[str, float]"; expected "int"  [arg-type]
sifaka/rules/content/sentiment.py:566: error: Incompatible types in assignment (expression has type "List[str]", target has type "float")  [assignment]
sifaka/rules/formatting/structure.py:212: error: Returning Any from function declared to return "RuleResult"  [no-any-return]
sifaka/rules/formatting/structure.py:268: error: Name "result" already defined on line 207  [no-redef]
sifaka/retrieval/implementations/simple.py:130: error: Unexpected keyword argument "config" for "__init__" of "RetrieverCore"  [call-arg]
sifaka/retrieval/implementations/simple.py:130: error: Unexpected keyword argument "description" for "__init__" of "RetrieverCore"  [call-arg]
sifaka/retrieval/implementations/simple.py:202: error: Returning Any from function declared to return "Dict[str, str]"  [no-any-return]
sifaka/retrieval/implementations/simple.py:202: error: "SimpleRetriever" has no attribute "get"  [attr-defined]
sifaka/retrieval/implementations/simple.py:212: error: "SimpleRetriever" has no attribute "update"  [attr-defined]
sifaka/retrieval/implementations/simple.py:213: error: "SimpleRetriever" has no attribute "set_metadata"  [attr-defined]
sifaka/retrieval/implementations/simple.py:223: error: Returning Any from function declared to return "SimpleRankingStrategy"  [no-any-return]
sifaka/retrieval/implementations/simple.py:223: error: "SimpleRetriever" has no attribute "get"  [attr-defined]
sifaka/retrieval/implementations/simple.py:290: error: "SimpleRetriever" has no attribute "get"  [attr-defined]
sifaka/retrieval/implementations/simple.py:302: error: "BaseConfig" has no attribute "max_results"  [attr-defined]
sifaka/retrieval/implementations/simple.py:308: error: "SimpleRetriever" has no attribute "set_metadata"  [attr-defined]
sifaka/retrieval/implementations/simple.py:353: error: "SimpleRetriever" has no attribute "get_metadata"  [attr-defined]
sifaka/rules/formatting/length.py:112: error: Function is missing a type annotation for one or more arguments  [no-untyped-def]
sifaka/rules/formatting/length.py:121: error: Function is missing a type annotation for one or more arguments  [no-untyped-def]
sifaka/rules/formatting/length.py:179: error: Returning Any from function declared to return "RuleResult"  [no-any-return]
sifaka/rules/formatting/length.py:294: error: Unexpected keyword argument "operation"  [call-arg]
sifaka/rules/formatting/length.py:294: error: Unexpected keyword argument "component_name"  [call-arg]
sifaka/rules/formatting/length.py:294: error: Unexpected keyword argument "additional_metadata"  [call-arg]
sifaka/rules/formatting/length.py:307: error: Incompatible return value type (got "ErrorResult", expected "RuleResult")  [return-value]
sifaka/rules/formatting/length.py:419: error: Function is missing a type annotation for one or more arguments  [no-untyped-def]
sifaka/rules/formatting/length.py:472: error: Unexpected keyword argument "operation"  [call-arg]
sifaka/rules/formatting/length.py:472: error: Unexpected keyword argument "component_name"  [call-arg]
sifaka/rules/formatting/length.py:472: error: Unexpected keyword argument "additional_metadata"  [call-arg]
sifaka/rules/formatting/length.py:492: error: Unexpected keyword argument "operation"  [call-arg]
sifaka/rules/formatting/length.py:492: error: Unexpected keyword argument "component_name"  [call-arg]
sifaka/rules/formatting/length.py:492: error: Unexpected keyword argument "additional_metadata"  [call-arg]
sifaka/rules/formatting/length.py:511: error: Function is missing a type annotation for one or more arguments  [no-untyped-def]
sifaka/rules/formatting/length.py:575: error: Function is missing a type annotation for one or more arguments  [no-untyped-def]
sifaka/rules/formatting/length.py:674: error: Unexpected keyword argument "operation"  [call-arg]
sifaka/rules/formatting/length.py:674: error: Unexpected keyword argument "component_name"  [call-arg]
sifaka/rules/formatting/length.py:674: error: Unexpected keyword argument "additional_metadata"  [call-arg]
sifaka/rules/formatting/length.py:674: error: Incompatible return value type (got "Union[LengthRule, ErrorResult]", expected "LengthRule")  [return-value]
sifaka/adapters/guardrails/adapter.py:68: error: Name "GuardrailsValidator" already defined (possibly by an import)  [no-redef]
sifaka/adapters/guardrails/adapter.py:71: error: Name "ValidationResult" already defined (possibly by an import)  [no-redef]
sifaka/adapters/guardrails/adapter.py:74: error: Name "PassResult" already defined (possibly by an import)  [no-redef]
sifaka/adapters/guardrails/adapter.py:77: error: Name "FailResult" already defined (possibly by an import)  [no-redef]
sifaka/adapters/guardrails/adapter.py:259: error: Function is missing a type annotation for one or more arguments  [no-untyped-def]
sifaka/adapters/guardrails/adapter.py:365: error: Missing positional arguments "name", "description" in call to "__init__" of "Rule"  [call-arg]
sifaka/adapters/guardrails/adapter.py:370: error: "StateManager" has no attribute "get_state"; maybe "_state"?  [attr-defined]
sifaka/adapters/guardrails/adapter.py:413: error: Function is missing a type annotation for one or more arguments  [no-untyped-def]
sifaka/adapters/guardrails/adapter.py:427: error: "StateManager" has no attribute "get_state"; maybe "_state"?  [attr-defined]
sifaka/adapters/guardrails/adapter.py:434: error: Returning Any from function declared to return "RuleResult"  [no-any-return]
sifaka/adapters/guardrails/adapter.py:481: error: "StateManager" has no attribute "get_state"; maybe "_state"?  [attr-defined]
sifaka/adapters/guardrails/adapter.py:494: error: "StateManager" has no attribute "get_state"; maybe "_state"?  [attr-defined]
sifaka/adapters/guardrails/adapter.py:575: error: Function is missing a type annotation for one or more arguments  [no-untyped-def]
sifaka/adapters/guardrails/adapter.py:603: error: Cannot instantiate abstract class "GuardrailsRule" with abstract attribute "_create_default_validator"  [abstract]
sifaka/adapters/classifier/adapter.py:329: error: Incompatible types in assignment (expression has type "ClassifierRuleConfig", variable has type "BaseConfig")  [assignment]
sifaka/adapters/classifier/adapter.py:354: error: Returning Any from function declared to return "float"  [no-any-return]
sifaka/adapters/classifier/adapter.py:354: error: "BaseConfig" has no attribute "threshold"  [attr-defined]
sifaka/adapters/classifier/adapter.py:364: error: Returning Any from function declared to return "List[str]"  [no-any-return]
sifaka/adapters/classifier/adapter.py:364: error: "BaseConfig" has no attribute "valid_labels"  [attr-defined]
sifaka/adapters/classifier/adapter.py:374: error: Returning Any from function declared to return "str"  [no-any-return]
sifaka/adapters/classifier/adapter.py:374: error: "ClassifierRule" has no attribute "_rule_id"; maybe "rule_id"?  [attr-defined]
sifaka/adapters/classifier/adapter.py:384: error: Returning Any from function declared to return "str"  [no-any-return]
sifaka/adapters/classifier/adapter.py:384: error: "ClassifierRule" has no attribute "_severity"; maybe "severity"?  [attr-defined]
sifaka/adapters/classifier/adapter.py:413: error: "BaseConfig" has no attribute "invalid_labels"  [attr-defined]
sifaka/adapters/classifier/adapter.py:449: error: "BaseConfig" has no attribute "extraction_function"  [attr-defined]
sifaka/adapters/classifier/adapter.py:450: error: "BaseConfig" has no attribute "extraction_function"  [attr-defined]
sifaka/adapters/classifier/adapter.py:542: error: Missing positional argument "adaptee" in call to "__init__" of "BaseAdapter"  [call-arg]
sifaka/adapters/classifier/adapter.py:769: error: "ClassifierAdapter" has no attribute "initialize"  [attr-defined]
sifaka/rules/managers/validation.py:247: error: Returning Any from function declared to return "List[RuleResult]"  [no-any-return]
sifaka/rules/managers/validation.py:265: error: List comprehension has incompatible type List[Union[RuleProtocol, str]]; expected List[RuleProtocol]  [misc]
sifaka/rules/managers/validation.py:265: error: Item "str" of "Union[RuleProtocol, str]" has no attribute "name"  [union-attr]
sifaka/rules/managers/validation.py:267: error: List comprehension has incompatible type List[Union[RuleProtocol, str]]; expected List[RuleProtocol]  [misc]
sifaka/rules/managers/validation.py:267: error: Item "str" of "Union[RuleProtocol, str]" has no attribute "name"  [union-attr]
sifaka/rules/managers/validation.py:272: error: Need type annotation for "results" (hint: "results: List[<type>] = ...")  [var-annotated]
sifaka/rules/managers/validation.py:275: error: Unsupported operand types for - ("str" and "float")  [operator]
sifaka/rules/managers/validation.py:275: error: Unsupported left operand type for - ("str")  [operator]
sifaka/rules/managers/validation.py:275: note: Right operand is of type "Union[float, str]"
sifaka/rules/managers/validation.py:275: error: Unsupported operand types for > ("float" and "str")  [operator]
sifaka/rules/managers/validation.py:275: note: Both left and right operands are unions
sifaka/rules/managers/validation.py:281: error: Item "str" of "Union[RuleProtocol, str]" has no attribute "model_validate"  [union-attr]
sifaka/rules/managers/validation.py:285: error: Item "str" of "Union[Any, str]" has no attribute "passed"  [union-attr]
sifaka/rules/managers/validation.py:294: error: Item "str" of "Union[RuleProtocol, str]" has no attribute "name"  [union-attr]
sifaka/rules/managers/validation.py:308: error: Item "str" of "Union[RuleProtocol, str]" has no attribute "name"  [union-attr]
sifaka/rules/managers/validation.py:314: error: Item "str" of "Union[RuleProtocol, str]" has no attribute "name"  [union-attr]
sifaka/rules/managers/validation.py:329: error: Unsupported operand types for - ("float" and "str")  [operator]
sifaka/rules/managers/validation.py:329: error: Unsupported operand types for - ("str" and "float")  [operator]
sifaka/rules/managers/validation.py:329: error: Unsupported left operand type for - ("str")  [operator]
sifaka/rules/managers/validation.py:329: note: Both left and right operands are unions
sifaka/rules/managers/validation.py:361: error: Incompatible return value type (got "List[Union[Any, str]]", expected "List[RuleResult]")  [return-value]
sifaka/critics/implementations/reflexion.py:136: error: Missing positional argument "description" in call to "__init__" of "BaseComponent"  [call-arg]
sifaka/critics/implementations/reflexion.py:136: error: Argument 1 to "__init__" of "BaseComponent" has incompatible type "Optional[Dict[str, Any]]"; expected "str"  [arg-type]
sifaka/critics/implementations/reflexion.py:142: error: Name "StateManager" is not defined  [name-defined]
sifaka/critics/implementations/reflexion.py:143: error: "StateManager" has no attribute "set"  [attr-defined]
sifaka/critics/implementations/reflexion.py:146: error: "StateManager" has no attribute "set"  [attr-defined]
sifaka/critics/implementations/reflexion.py:212: error: Returning Any from function declared to return "bool"  [no-any-return]
sifaka/critics/implementations/reflexion.py:218: error: Return type "BaseResult[Any]" of "critique" incompatible with return type "CritiqueResult" in supertype "TextCritic"  [override]
sifaka/critics/implementations/reflexion.py:268: error: Returning Any from function declared to return "BaseResult[Any]"  [no-any-return]
sifaka/critics/implementations/reflexion.py:333: error: Returning Any from function declared to return "str"  [no-any-return]
sifaka/critics/implementations/reflexion.py:391: error: Returning Any from function declared to return "str"  [no-any-return]
sifaka/critics/implementations/reflexion.py:538: error: Unexpected keyword argument "reflection_depth" for "ReflexionCriticConfig"  [call-arg]
sifaka/critics/implementations/reflexion.py:551: error: Argument "priority" to "ReflexionCriticConfig" has incompatible type "Optional[int]"; expected "int"  [arg-type]
sifaka/critics/implementations/reflexion.py:560: error: Cannot instantiate abstract class "ReflexionCritic" with abstract attribute "process"  [abstract]
sifaka/critics/implementations/reflexion.py:561: error: Argument "config" to "ReflexionCritic" has incompatible type "ReflexionCriticConfig"; expected "Optional[Dict[str, Any]]"  [arg-type]
sifaka/adapters/pydantic_ai/factory.py:350: error: Incompatible types in assignment (expression has type "PromptCritic", variable has type "Optional[BaseCritic[Any]]")  [assignment]
sifaka/adapters/guardrails/__init__.py:48: error: Module "sifaka.adapters.guardrails.adapter" has no attribute "GuardrailsValidatorAdapter"; maybe "GuardrailsValidator", "GuardrailsValidatable", or "GuardrailsAdapter"?  [attr-defined]
sifaka/interfaces/factories.py:101: error: Value of type variable "T" of "create_component" cannot be "Chain"  [type-var]
sifaka/rules/factories.py:186: error: Argument "config" to "Rule" has incompatible type "sifaka.utils.config.rules.RuleConfig"; expected "Optional[sifaka.rules.base.RuleConfig]"  [arg-type]
sifaka/rules/factories.py:291: error: Argument "rules" to "ValidationManager" has incompatible type "Optional[List[Rule[Any]]]"; expected "Optional[List[RuleProtocol]]"  [arg-type]
sifaka/models/factories.py:137: error: Need type annotation for "config"  [var-annotated]
sifaka/models/factories.py:147: error: Unexpected keyword argument "model_name" for "ModelProviderProtocol"  [call-arg]
sifaka/models/factories.py:147: error: Unexpected keyword argument "config" for "ModelProviderProtocol"  [call-arg]
sifaka/__init__.py:8: error: Function is missing a type annotation for one or more arguments  [no-untyped-def]
Found 452 errors in 33 files (checked 1 source file)
